<?xml version="1.0" encoding="UTF-8"?>
<!-- Generated by org.testng.reporters.JUnitXMLReporter -->
<testsuite hostname="PEBIPL1037" name="Default test" tests="5" failures="1" timestamp="1 Jul 2016 08:10:57 GMT" time="110.072" errors="0">
  <testcase name="parent_mobileno_confirmation" time="30.786" classname="com.pebstone.userflow.Parent_Registration"/>
  <testcase name="parent_otp_submission" time="9.058" classname="com.pebstone.userflow.Parent_Registration"/>
  <testcase name="parent_personal_details" time="37.672" classname="com.pebstone.userflow.Parent_Registration"/>
  <testcase name="subscribe_group_parent" time="21.732" classname="com.pebstone.userflow.Parent_Registration">
    <failure type="java.lang.AssertionError" message="An element could not be located on the page using the given search parameters. (WARNING: The server did not provide any stacktrace information)
Command duration or timeout: 21.72 seconds
For documentation on this error, please visit: http://seleniumhq.org/exceptions/no_such_element.html
Build info: version: &amp;apos;2.50.1&amp;apos;, revision: &amp;apos;d7fc91b&amp;apos;, time: &amp;apos;2016-01-29 19:04:49&amp;apos;
System info: host: &amp;apos;PEBIPL1037&amp;apos;, ip: &amp;apos;192.168.56.1&amp;apos;, os.name: &amp;apos;Windows 7&amp;apos;, os.arch: &amp;apos;amd64&amp;apos;, os.version: &amp;apos;6.1&amp;apos;, java.version: &amp;apos;1.8.0_45&amp;apos;
Driver info: io.appium.java_client.android.AndroidDriver
Capabilities [{app=D:\Sumit\BVT_Android\Android_Daily_Job\app\teno_production.apk, appPackage=com.pebstone.teno, networkConnectionEnabled=true, warnings={}, databaseEnabled=false, deviceName=192.168.56.101:5555, platform=LINUX, PlatformName=Android, appActivity=com.pebstone.teno.MainActivity, desired={PlatformName=Android, app=D:\Sumit\BVT_Android\Android_Daily_Job\app\teno_production.apk, appPackage=com.pebstone.teno, appActivity=com.pebstone.teno.MainActivity, platformVersion=5.1, browserName=, platformName=Android, deviceName=192.168.56.101:5555}, platformVersion=5.1, webStorageEnabled=false, locationContextEnabled=false, browserName=, takesScreenshot=true, javascriptEnabled=true, platformName=Android}]
Session ID: 81783b63-73d2-453d-b091-c3dc111f584f
*** Element info: {Using=-android uiautomator, value=new UiScrollable(new UiSelector().scrollable(true).instance(0)).scrollIntoView(new UiSelector().descriptionContains(&amp;quot;null&amp;quot;).instance(0));new UiScrollable(new UiSelector().scrollable(true).instance(0)).scrollIntoView(new UiSelector().textContains(&amp;quot;null&amp;quot;).instance(0));}">
      <![CDATA[java.lang.AssertionError: An element could not be located on the page using the given search parameters. (WARNING: The server did not provide any stacktrace information)
Command duration or timeout: 21.72 seconds
For documentation on this error, please visit: http://seleniumhq.org/exceptions/no_such_element.html
Build info: version: '2.50.1', revision: 'd7fc91b', time: '2016-01-29 19:04:49'
System info: host: 'PEBIPL1037', ip: '192.168.56.1', os.name: 'Windows 7', os.arch: 'amd64', os.version: '6.1', java.version: '1.8.0_45'
Driver info: io.appium.java_client.android.AndroidDriver
Capabilities [{app=D:\Sumit\BVT_Android\Android_Daily_Job\app\teno_production.apk, appPackage=com.pebstone.teno, networkConnectionEnabled=true, warnings={}, databaseEnabled=false, deviceName=192.168.56.101:5555, platform=LINUX, PlatformName=Android, appActivity=com.pebstone.teno.MainActivity, desired={PlatformName=Android, app=D:\Sumit\BVT_Android\Android_Daily_Job\app\teno_production.apk, appPackage=com.pebstone.teno, appActivity=com.pebstone.teno.MainActivity, platformVersion=5.1, browserName=, platformName=Android, deviceName=192.168.56.101:5555}, platformVersion=5.1, webStorageEnabled=false, locationContextEnabled=false, browserName=, takesScreenshot=true, javascriptEnabled=true, platformName=Android}]
Session ID: 81783b63-73d2-453d-b091-c3dc111f584f
*** Element info: {Using=-android uiautomator, value=new UiScrollable(new UiSelector().scrollable(true).instance(0)).scrollIntoView(new UiSelector().descriptionContains("null").instance(0));new UiScrollable(new UiSelector().scrollable(true).instance(0)).scrollIntoView(new UiSelector().textContains("null").instance(0));}
	at org.testng.Assert.fail(Assert.java:94)
	at com.pebstone.userflow.Parent_Registration.subscribe_group_parent(Parent_Registration.java:145)
	at sun.reflect.NativeMethodAccessorImpl.invoke0(Native Method)
	at sun.reflect.NativeMethodAccessorImpl.invoke(Unknown Source)
	at sun.reflect.DelegatingMethodAccessorImpl.invoke(Unknown Source)
	at java.lang.reflect.Method.invoke(Unknown Source)
	at org.testng.internal.MethodInvocationHelper.invokeMethod(MethodInvocationHelper.java:85)
	at org.testng.internal.Invoker.invokeMethod(Invoker.java:639)
	at org.testng.internal.Invoker.invokeTestMethod(Invoker.java:816)
	at org.testng.internal.Invoker.invokeTestMethods(Invoker.java:1124)
	at org.testng.internal.TestMethodWorker.invokeTestMethods(TestMethodWorker.java:125)
	at org.testng.internal.TestMethodWorker.run(TestMethodWorker.java:108)
	at org.testng.TestRunner.privateRun(TestRunner.java:774)
	at org.testng.TestRunner.run(TestRunner.java:624)
	at org.testng.SuiteRunner.runTest(SuiteRunner.java:359)
	at org.testng.SuiteRunner.runSequentially(SuiteRunner.java:354)
	at org.testng.SuiteRunner.privateRun(SuiteRunner.java:312)
	at org.testng.SuiteRunner.run(SuiteRunner.java:261)
	at org.testng.SuiteRunnerWorker.runSuite(SuiteRunnerWorker.java:52)
	at org.testng.SuiteRunnerWorker.run(SuiteRunnerWorker.java:86)
	at org.testng.TestNG.runSuitesSequentially(TestNG.java:1215)
	at org.testng.TestNG.runSuitesLocally(TestNG.java:1140)
	at org.testng.TestNG.run(TestNG.java:1048)
	at org.testng.remote.AbstractRemoteTestNG.run(AbstractRemoteTestNG.java:126)
	at org.testng.remote.RemoteTestNG.initAndRun(RemoteTestNG.java:137)
	at org.testng.remote.RemoteTestNG.main(RemoteTestNG.java:58)
]]>
    </failure>
  </testcase> <!-- subscribe_group_parent -->
  <testcase name="read_message_parent" time="9.453" classname="com.pebstone.userflow.Parent_Registration"/>
</testsuite> <!-- Default test -->
